23:23:23:0623 [main] INFO  org.testng.internal.Utils - [Utils] MethodGroupsHelper.collectMethodsByGroup() took 0 ms.
23:23:23:0630 [main] INFO  org.testng.internal.Utils - [Utils] MethodGroupsHelper.sortMethods() took 0 ms.
23:23:23:0630 [main] INFO  org.testng.internal.Utils - [Utils] MethodGroupsHelper.collectMethodsByGroup() took 0 ms.
23:23:23:0630 [main] INFO  org.testng.internal.Utils - [Utils] MethodGroupsHelper.sortMethods() took 0 ms.
23:23:23:0630 [main] INFO  org.testng.internal.Utils - [Utils] MethodGroupsHelper.collectMethodsByGroup() took 0 ms.
23:23:23:0630 [main] INFO  org.testng.internal.Utils - [Utils] MethodGroupsHelper.sortMethods() took 0 ms.
23:23:23:0638 [main] INFO  org.testng.internal.Utils - [Utils] MethodGroupsHelper.collectMethodsByGroup() took 0 ms.
23:23:23:0638 [main] INFO  org.testng.internal.Utils - [Utils] MethodGroupsHelper.sortMethods() took 0 ms.
23:23:23:0644 [main] INFO  org.testng.internal.Utils - [Utils] MethodGroupsHelper.collectMethodsByGroup() took 0 ms.
23:23:23:0644 [main] INFO  org.testng.internal.Utils - [Utils] MethodGroupsHelper.sortMethods() took 0 ms.
23:23:23:0646 [main] INFO  org.testng.internal.Utils - [Utils] MethodGroupsHelper.collectMethodsByGroup() took 0 ms.
23:23:23:0646 [main] INFO  org.testng.internal.Utils - [Utils] MethodGroupsHelper.sortMethods() took 0 ms.
23:23:23:0646 [main] INFO  org.testng.internal.Utils - [Utils] MethodGroupsHelper.collectMethodsByGroup() took 0 ms.
23:23:23:0646 [main] INFO  org.testng.internal.Utils - [Utils] MethodGroupsHelper.sortMethods() took 0 ms.
23:23:23:0646 [main] INFO  org.testng.internal.Utils - [Utils] MethodGroupsHelper.collectMethodsByGroup() took 0 ms.
23:23:23:0646 [main] INFO  org.testng.internal.Utils - [Utils] MethodGroupsHelper.sortMethods() took 0 ms.
23:23:23:0659 [main] INFO  org.testng.internal.Utils - [Utils] MethodGroupsHelper.collectMethodsByGroup() took 0 ms.
23:23:23:0659 [main] INFO  org.testng.internal.Utils - [Utils] MethodGroupsHelper.sortMethods() took 0 ms.
23:23:23:0659 [main] INFO  org.testng.internal.Utils - [Utils] MethodGroupsHelper.collectMethodsByGroup() took 0 ms.
23:23:23:0659 [main] INFO  org.testng.internal.Utils - [Utils] MethodGroupsHelper.sortMethods() took 0 ms.
23:23:23:0663 [main] INFO  org.testng.internal.Utils - [Utils] MethodGroupsHelper.collectMethodsByGroup() took 0 ms.
23:23:23:0671 [main] INFO  org.testng.internal.Utils - [Utils] MethodGroupsHelper.sortMethods() took 7 ms.
23:23:23:0677 [main] INFO  org.testng.internal.Utils - [Utils] MethodGroupsHelper.collectMethodsByGroup() took 0 ms.
23:23:23:0677 [main] INFO  org.testng.internal.Utils - [Utils] MethodGroupsHelper.sortMethods() took 0 ms.
23:23:23:0679 [main] INFO  org.testng.internal.Utils - [Utils] MethodGroupsHelper.collectMethodsByGroup() took 0 ms.
23:23:23:0679 [main] INFO  org.testng.internal.Utils - [Utils] MethodGroupsHelper.sortMethods() took 0 ms.
23:23:23:0690 [main] INFO  org.testng.internal.Utils - [TestNG] Running:
  D:\Selenium Hybrid FrameWork\HybridFrameWork\master.xml

23:23:24:0349 [main] INFO  org.testng.internal.Utils - [Utils] DynamicGraphHelper.createDynamicGraph() took 5 ms.
23:23:52:0564 [main] INFO  testCases.TC002_LoginTest - ******* Starting  TC002_LoginTest *****
23:19:47:0034 [main] INFO  org.testng.internal.Utils - [TestNG] Running:
  D:\Selenium Hybrid FrameWork\HybridFrameWork\grid-docker.xml

23:20:22:0921 [main] INFO  org.testng.internal.Utils - [TestNG] Running:
  D:\Selenium Hybrid FrameWork\HybridFrameWork\grid-docker.xml

23:20:38:0032 [main] INFO  testCases.TC002_LoginTest - ******* Starting  TC002_LoginTest *****
23:20:40:0704 [main] INFO  testCases.TC002_LoginTest - *****Finished TC_002_LoginTest*****
23:25:32:0199 [main] INFO  org.testng.internal.Utils - [TestNG] Running:
  D:\Selenium Hybrid FrameWork\HybridFrameWork\grid-docker.xml

23:25:50:0755 [main] INFO  testCases.TC002_LoginTest - ******* Starting  TC002_LoginTest *****
23:25:52:0932 [main] INFO  testCases.TC002_LoginTest - *****Finished TC_002_LoginTest*****
23:26:14:0890 [main] INFO  org.testng.internal.Utils - [TestNG] Running:
  D:\Selenium Hybrid FrameWork\HybridFrameWork\grid-docker.xml

23:26:31:0932 [main] INFO  testCases.TC002_LoginTest - ******* Starting  TC002_LoginTest *****
23:26:34:0073 [main] INFO  testCases.TC002_LoginTest - *****Finished TC_002_LoginTest*****
23:27:43:0068 [main] INFO  org.testng.internal.Utils - [TestNG] Running:
  D:\Selenium Hybrid FrameWork\HybridFrameWork\grid-docker.xml

23:28:00:0306 [main] INFO  testCases.TC002_LoginTest - ******* Starting  TC002_LoginTest *****
23:29:35:0832 [main] INFO  org.testng.internal.Utils - [TestNG] Running:
  D:\Selenium Hybrid FrameWork\HybridFrameWork\grid-docker.xml

23:29:54:0139 [main] INFO  testCases.TC002_LoginTest - ******* Starting  TC002_LoginTest *****
23:30:02:0317 [main] INFO  testCases.TC002_LoginTest - *****Finished TC_002_LoginTest*****
23:33:23:0812 [main] INFO  org.testng.internal.Utils - [TestNG] Running:
  D:\Selenium Hybrid FrameWork\HybridFrameWork\grid-docker.xml

